This file contains any messages produced by compilers while
running configure, to aid debugging if configure makes a mistake.

It was created by vls configure 0.1, which was
generated by GNU Autoconf 2.69.  Invocation command line was

  $ ./configure --prefix=/tmp/test3

## --------- ##
## Platform. ##
## --------- ##

hostname = bogon
uname -m = x86_64
uname -r = 5.4.10-arch1-1
uname -s = Linux
uname -v = #1 SMP PREEMPT Thu, 09 Jan 2020 10:14:29 +0000

/usr/bin/uname -p = unknown
/bin/uname -X     = unknown

/bin/arch              = unknown
/usr/bin/arch -k       = unknown
/usr/convex/getsysinfo = unknown
/usr/bin/hostinfo      = unknown
/bin/machine           = unknown
/usr/bin/oslevel       = unknown
/bin/universe          = unknown

PATH: /home/minggui/.cargo/bin
PATH: /home/minggui/.cargo/bin
PATH: /usr/local/bin
PATH: /usr/local/sbin
PATH: /usr/bin
PATH: /usr/lib/jvm/default/bin
PATH: /usr/bin/site_perl
PATH: /usr/bin/vendor_perl
PATH: /usr/bin/core_perl
PATH: /usr/lib/jvm/default/bin
PATH: /usr/bin/site_perl
PATH: /usr/bin/vendor_perl
PATH: /usr/bin/core_perl


## ----------- ##
## Core tests. ##
## ----------- ##

configure:2243: checking for a BSD-compatible install
configure:2311: result: /usr/bin/install -c
configure:2322: checking whether build environment is sane
configure:2377: result: yes
configure:2526: checking for a thread-safe mkdir -p
configure:2565: result: /usr/bin/mkdir -p
configure:2572: checking for gawk
configure:2588: found /usr/bin/gawk
configure:2599: result: gawk
configure:2610: checking whether make sets $(MAKE)
configure:2632: result: yes
configure:2661: checking whether make supports nested variables
configure:2678: result: yes
configure:2854: checking for gcc
configure:2870: found /usr/bin/gcc
configure:2881: result: gcc
configure:3110: checking for C compiler version
configure:3119: gcc --version >&5
gcc (GCC) 9.2.0
Copyright (C) 2019 Free Software Foundation, Inc.
This is free software; see the source for copying conditions.  There is NO
warranty; not even for MERCHANTABILITY or FITNESS FOR A PARTICULAR PURPOSE.

configure:3130: $? = 0
configure:3119: gcc -v >&5
Using built-in specs.
COLLECT_GCC=gcc
COLLECT_LTO_WRAPPER=/usr/lib/gcc/x86_64-pc-linux-gnu/9.2.0/lto-wrapper
Target: x86_64-pc-linux-gnu
Configured with: /build/gcc/src/gcc/configure --prefix=/usr --libdir=/usr/lib --libexecdir=/usr/lib --mandir=/usr/share/man --infodir=/usr/share/info --with-bugurl=https://bugs.archlinux.org/ --enable-languages=c,c++,ada,fortran,go,lto,objc,obj-c++,d --enable-shared --enable-threads=posix --with-system-zlib --with-isl --enable-__cxa_atexit --disable-libunwind-exceptions --enable-clocale=gnu --disable-libstdcxx-pch --disable-libssp --enable-gnu-unique-object --enable-linker-build-id --enable-lto --enable-plugin --enable-install-libiberty --with-linker-hash-style=gnu --enable-gnu-indirect-function --enable-multilib --disable-werror --enable-checking=release --enable-default-pie --enable-default-ssp --enable-cet=auto gdc_include_dir=/usr/include/dlang/gdc
Thread model: posix
gcc version 9.2.0 (GCC) 
configure:3130: $? = 0
configure:3119: gcc -V >&5
gcc: error: unrecognized command line option '-V'
gcc: fatal error: no input files
compilation terminated.
configure:3130: $? = 1
configure:3119: gcc -qversion >&5
gcc: error: unrecognized command line option '-qversion'; did you mean '--version'?
gcc: fatal error: no input files
compilation terminated.
configure:3130: $? = 1
configure:3150: checking whether the C compiler works
configure:3172: gcc    conftest.c  >&5
configure:3176: $? = 0
configure:3224: result: yes
configure:3227: checking for C compiler default output file name
configure:3229: result: a.out
configure:3235: checking for suffix of executables
configure:3242: gcc -o conftest    conftest.c  >&5
configure:3246: $? = 0
configure:3268: result: 
configure:3290: checking whether we are cross compiling
configure:3298: gcc -o conftest    conftest.c  >&5
configure:3302: $? = 0
configure:3309: ./conftest
configure:3313: $? = 0
configure:3301: result: no
configure:3306: checking for suffix of object files
configure:3328: gcc -c   conftest.c >&5
configure:3332: $? = 0
configure:3353: result: o
configure:3357: checking whether we are using the GNU C compiler
configure:3376: gcc -c   conftest.c >&5
configure:3376: $? = 0
configure:3385: result: yes
configure:3394: checking whether gcc accepts -g
configure:3414: gcc -c -g  conftest.c >&5
configure:3414: $? = 0
configure:3455: result: yes
configure:3472: checking for gcc option to accept ISO C89
configure:3535: gcc  -c -g -O2  conftest.c >&5
configure:3535: $? = 0
configure:3548: result: none needed
configure:3573: checking whether gcc understands -c and -o together
configure:3595: gcc -c conftest.c -o conftest2.o
configure:3598: $? = 0
configure:3595: gcc -c conftest.c -o conftest2.o
configure:3598: $? = 0
configure:3610: result: yes
configure:3630: checking whether make supports the include directive
configure:3645: make -f confmf.GNU && cat confinc.out
this is the am__doit target
configure:3648: $? = 0
configure:3667: result: yes (GNU style)
configure:3692: checking dependency style of gcc
configure:3803: result: gcc3
configure:3863: checking for ranlib
configure:3879: found /usr/bin/ranlib
configure:3890: result: ranlib
configure:3920: checking how to run the C preprocessor
configure:3951: gcc -E  conftest.c
configure:3951: $? = 0
configure:3965: gcc -E  conftest.c
conftest.c:11:10: fatal error: ac_nonexistent.h: No such file or directory
   11 | #include <ac_nonexistent.h>
      |          ^~~~~~~~~~~~~~~~~~
compilation terminated.
configure:3965: $? = 1
configure: failed program was:
| /* confdefs.h */
| #define PACKAGE_NAME "vls"
| #define PACKAGE_TARNAME "vls"
| #define PACKAGE_VERSION "0.1"
| #define PACKAGE_STRING "vls 0.1"
| #define PACKAGE_BUGREPORT "372884399@qq.com"
| #define PACKAGE_URL ""
| #define PACKAGE "vls"
| #define VERSION "0.1"
| /* end confdefs.h.  */
| #include <ac_nonexistent.h>
configure:3990: result: gcc -E
configure:4010: gcc -E  conftest.c
configure:4010: $? = 0
configure:4024: gcc -E  conftest.c
conftest.c:11:10: fatal error: ac_nonexistent.h: No such file or directory
   11 | #include <ac_nonexistent.h>
      |          ^~~~~~~~~~~~~~~~~~
compilation terminated.
configure:4024: $? = 1
configure: failed program was:
| /* confdefs.h */
| #define PACKAGE_NAME "vls"
| #define PACKAGE_TARNAME "vls"
| #define PACKAGE_VERSION "0.1"
| #define PACKAGE_STRING "vls 0.1"
| #define PACKAGE_BUGREPORT "372884399@qq.com"
| #define PACKAGE_URL ""
| #define PACKAGE "vls"
| #define VERSION "0.1"
| /* end confdefs.h.  */
| #include <ac_nonexistent.h>
configure:4053: checking for grep that handles long lines and -e
configure:4111: result: /usr/bin/grep
configure:4116: checking for egrep
configure:4178: result: /usr/bin/grep -E
configure:4183: checking for ANSI C header files
configure:4203: gcc -c -g -O2  conftest.c >&5
configure:4203: $? = 0
configure:4276: gcc -o conftest -g -O2   conftest.c  >&5
configure:4276: $? = 0
configure:4276: ./conftest
configure:4276: $? = 0
configure:4287: result: yes
configure:4300: checking for sys/types.h
configure:4300: gcc -c -g -O2  conftest.c >&5
configure:4300: $? = 0
configure:4300: result: yes
configure:4300: checking for sys/stat.h
configure:4300: gcc -c -g -O2  conftest.c >&5
configure:4300: $? = 0
configure:4300: result: yes
configure:4300: checking for stdlib.h
configure:4300: gcc -c -g -O2  conftest.c >&5
configure:4300: $? = 0
configure:4300: result: yes
configure:4300: checking for string.h
configure:4300: gcc -c -g -O2  conftest.c >&5
configure:4300: $? = 0
configure:4300: result: yes
configure:4300: checking for memory.h
configure:4300: gcc -c -g -O2  conftest.c >&5
configure:4300: $? = 0
configure:4300: result: yes
configure:4300: checking for strings.h
configure:4300: gcc -c -g -O2  conftest.c >&5
configure:4300: $? = 0
configure:4300: result: yes
configure:4300: checking for inttypes.h
configure:4300: gcc -c -g -O2  conftest.c >&5
configure:4300: $? = 0
configure:4300: result: yes
configure:4300: checking for stdint.h
configure:4300: gcc -c -g -O2  conftest.c >&5
configure:4300: $? = 0
configure:4300: result: yes
configure:4300: checking for unistd.h
configure:4300: gcc -c -g -O2  conftest.c >&5
configure:4300: $? = 0
configure:4300: result: yes
configure:4315: checking limits.h usability
configure:4315: gcc -c -g -O2  conftest.c >&5
configure:4315: $? = 0
configure:4315: result: yes
configure:4315: checking limits.h presence
configure:4315: gcc -E  conftest.c
configure:4315: $? = 0
configure:4315: result: yes
configure:4315: checking for limits.h
configure:4315: result: yes
configure:4315: checking for stdint.h
configure:4315: result: yes
configure:4315: checking for stdlib.h
configure:4315: result: yes
configure:4315: checking for string.h
configure:4315: result: yes
configure:4327: checking for stdbool.h that conforms to C99
configure:4394: gcc -c -g -O2  conftest.c >&5
configure:4394: $? = 0
configure:4401: result: yes
configure:4403: checking for _Bool
configure:4403: gcc -c -g -O2  conftest.c >&5
configure:4403: $? = 0
configure:4403: gcc -c -g -O2  conftest.c >&5
conftest.c: In function 'main':
conftest.c:61:20: error: expected expression before ')' token
   61 | if (sizeof ((_Bool)))
      |                    ^
configure:4403: $? = 1
configure: failed program was:
| /* confdefs.h */
| #define PACKAGE_NAME "vls"
| #define PACKAGE_TARNAME "vls"
| #define PACKAGE_VERSION "0.1"
| #define PACKAGE_STRING "vls 0.1"
| #define PACKAGE_BUGREPORT "372884399@qq.com"
| #define PACKAGE_URL ""
| #define PACKAGE "vls"
| #define VERSION "0.1"
| #define STDC_HEADERS 1
| #define HAVE_SYS_TYPES_H 1
| #define HAVE_SYS_STAT_H 1
| #define HAVE_STDLIB_H 1
| #define HAVE_STRING_H 1
| #define HAVE_MEMORY_H 1
| #define HAVE_STRINGS_H 1
| #define HAVE_INTTYPES_H 1
| #define HAVE_STDINT_H 1
| #define HAVE_UNISTD_H 1
| #define HAVE_LIMITS_H 1
| #define HAVE_STDINT_H 1
| #define HAVE_STDLIB_H 1
| #define HAVE_STRING_H 1
| /* end confdefs.h.  */
| #include <stdio.h>
| #ifdef HAVE_SYS_TYPES_H
| # include <sys/types.h>
| #endif
| #ifdef HAVE_SYS_STAT_H
| # include <sys/stat.h>
| #endif
| #ifdef STDC_HEADERS
| # include <stdlib.h>
| # include <stddef.h>
| #else
| # ifdef HAVE_STDLIB_H
| #  include <stdlib.h>
| # endif
| #endif
| #ifdef HAVE_STRING_H
| # if !defined STDC_HEADERS && defined HAVE_MEMORY_H
| #  include <memory.h>
| # endif
| # include <string.h>
| #endif
| #ifdef HAVE_STRINGS_H
| # include <strings.h>
| #endif
| #ifdef HAVE_INTTYPES_H
| # include <inttypes.h>
| #endif
| #ifdef HAVE_STDINT_H
| # include <stdint.h>
| #endif
| #ifdef HAVE_UNISTD_H
| # include <unistd.h>
| #endif
| int
| main ()
| {
| if (sizeof ((_Bool)))
| 	    return 0;
|   ;
|   return 0;
| }
configure:4403: result: yes
configure:4414: checking for inline
configure:4430: gcc -c -g -O2  conftest.c >&5
configure:4430: $? = 0
configure:4438: result: inline
configure:4461: checking for atexit
configure:4461: gcc -o conftest -g -O2   conftest.c  >&5
configure:4461: $? = 0
configure:4461: result: yes
configure:4461: checking for strrchr
configure:4461: gcc -o conftest -g -O2   conftest.c  >&5
conftest.c:50:6: warning: conflicting types for built-in function 'strrchr'; expected 'char *(const char *, int)' [-Wbuiltin-declaration-mismatch]
   50 | char strrchr ();
      |      ^~~~~~~
conftest.c:38:1: note: 'strrchr' is declared in header '<string.h>'
   37 | # include <limits.h>
   38 | #else
configure:4461: $? = 0
configure:4461: result: yes
configure:4574: checking that generated files are newer than configure
configure:4580: result: done
configure:4603: creating ./config.status

## ---------------------- ##
## Running config.status. ##
## ---------------------- ##

This file was extended by vls config.status 0.1, which was
generated by GNU Autoconf 2.69.  Invocation command line was

  CONFIG_FILES    = 
  CONFIG_HEADERS  = 
  CONFIG_LINKS    = 
  CONFIG_COMMANDS = 
  $ ./config.status 

on bogon

config.status:858: creating Makefile
config.status:858: creating src/Makefile
config.status:858: creating lib/Makefile
config.status:858: creating config.h
config.status:1039: config.h is unchanged
config.status:1087: executing depfiles commands
config.status:1164: cd src       && sed -e '/# am--include-marker/d' Makefile         | make -f - am--depfiles
make: Nothing to be done for 'am--depfiles'.
config.status:1169: $? = 0
config.status:1164: cd lib       && sed -e '/# am--include-marker/d' Makefile         | make -f - am--depfiles
make: Nothing to be done for 'am--depfiles'.
config.status:1169: $? = 0

## ---------------- ##
## Cache variables. ##
## ---------------- ##

ac_cv_c_compiler_gnu=yes
ac_cv_c_inline=inline
ac_cv_env_CC_set=
ac_cv_env_CC_value=
ac_cv_env_CFLAGS_set=
ac_cv_env_CFLAGS_value=
ac_cv_env_CPPFLAGS_set=
ac_cv_env_CPPFLAGS_value=
ac_cv_env_CPP_set=
ac_cv_env_CPP_value=
ac_cv_env_LDFLAGS_set=
ac_cv_env_LDFLAGS_value=
ac_cv_env_LIBS_set=
ac_cv_env_LIBS_value=
ac_cv_env_build_alias_set=
ac_cv_env_build_alias_value=
ac_cv_env_host_alias_set=
ac_cv_env_host_alias_value=
ac_cv_env_target_alias_set=
ac_cv_env_target_alias_value=
ac_cv_func_atexit=yes
ac_cv_func_strrchr=yes
ac_cv_header_inttypes_h=yes
ac_cv_header_limits_h=yes
ac_cv_header_memory_h=yes
ac_cv_header_stdbool_h=yes
ac_cv_header_stdc=yes
ac_cv_header_stdint_h=yes
ac_cv_header_stdlib_h=yes
ac_cv_header_string_h=yes
ac_cv_header_strings_h=yes
ac_cv_header_sys_stat_h=yes
ac_cv_header_sys_types_h=yes
ac_cv_header_unistd_h=yes
ac_cv_objext=o
ac_cv_path_EGREP='/usr/bin/grep -E'
ac_cv_path_GREP=/usr/bin/grep
ac_cv_path_install='/usr/bin/install -c'
ac_cv_path_mkdir=/usr/bin/mkdir
ac_cv_prog_AWK=gawk
ac_cv_prog_CPP='gcc -E'
ac_cv_prog_ac_ct_CC=gcc
ac_cv_prog_ac_ct_RANLIB=ranlib
ac_cv_prog_cc_c89=
ac_cv_prog_cc_g=yes
ac_cv_prog_make_make_set=yes
ac_cv_type__Bool=yes
am_cv_CC_dependencies_compiler_type=gcc3
am_cv_make_support_nested_variables=yes
am_cv_prog_cc_c_o=yes

## ----------------- ##
## Output variables. ##
## ----------------- ##

ACLOCAL='${SHELL} /tmp/vls/missing aclocal-1.16'
AMDEPBACKSLASH='\'
AMDEP_FALSE='#'
AMDEP_TRUE=''
AMTAR='$${TAR-tar}'
AM_BACKSLASH='\'
AM_DEFAULT_V='$(AM_DEFAULT_VERBOSITY)'
AM_DEFAULT_VERBOSITY='1'
AM_V='$(V)'
AUTOCONF='${SHELL} /tmp/vls/missing autoconf'
AUTOHEADER='${SHELL} /tmp/vls/missing autoheader'
AUTOMAKE='${SHELL} /tmp/vls/missing automake-1.16'
AWK='gawk'
CC='gcc'
CCDEPMODE='depmode=gcc3'
CFLAGS='-g -O2'
CPP='gcc -E'
CPPFLAGS=''
CYGPATH_W='echo'
DEFS='-DHAVE_CONFIG_H'
DEPDIR='.deps'
ECHO_C=''
ECHO_N='-n'
ECHO_T=''
EGREP='/usr/bin/grep -E'
EXEEXT=''
GREP='/usr/bin/grep'
INSTALL_DATA='${INSTALL} -m 644'
INSTALL_PROGRAM='${INSTALL}'
INSTALL_SCRIPT='${INSTALL}'
INSTALL_STRIP_PROGRAM='$(install_sh) -c -s'
LDFLAGS=''
LIBOBJS=''
LIBS=''
LTLIBOBJS=''
MAKEINFO='${SHELL} /tmp/vls/missing makeinfo'
MKDIR_P='/usr/bin/mkdir -p'
OBJEXT='o'
PACKAGE='vls'
PACKAGE_BUGREPORT='372884399@qq.com'
PACKAGE_NAME='vls'
PACKAGE_STRING='vls 0.1'
PACKAGE_TARNAME='vls'
PACKAGE_URL=''
PACKAGE_VERSION='0.1'
PATH_SEPARATOR=':'
RANLIB='ranlib'
SET_MAKE=''
SHELL='/bin/sh'
STRIP=''
VERSION='0.1'
ac_ct_CC='gcc'
am__EXEEXT_FALSE=''
am__EXEEXT_TRUE='#'
am__fastdepCC_FALSE='#'
am__fastdepCC_TRUE=''
am__include='include'
am__isrc=''
am__leading_dot='.'
am__nodep='_no'
am__quote=''
am__tar='$${TAR-tar} chof - "$$tardir"'
am__untar='$${TAR-tar} xf -'
bindir='${exec_prefix}/bin'
build_alias=''
datadir='${datarootdir}'
datarootdir='${prefix}/share'
docdir='${datarootdir}/doc/${PACKAGE_TARNAME}'
dvidir='${docdir}'
exec_prefix='${prefix}'
host_alias=''
htmldir='${docdir}'
includedir='${prefix}/include'
infodir='${datarootdir}/info'
install_sh='${SHELL} /tmp/vls/install-sh'
libdir='${exec_prefix}/lib'
libexecdir='${exec_prefix}/libexec'
localedir='${datarootdir}/locale'
localstatedir='${prefix}/var'
mandir='${datarootdir}/man'
mkdir_p='$(MKDIR_P)'
oldincludedir='/usr/include'
pdfdir='${docdir}'
prefix='/tmp/test3'
program_transform_name='s,x,x,'
psdir='${docdir}'
sbindir='${exec_prefix}/sbin'
sharedstatedir='${prefix}/com'
sysconfdir='${prefix}/etc'
target_alias=''

## ----------- ##
## confdefs.h. ##
## ----------- ##

/* confdefs.h */
#define PACKAGE_NAME "vls"
#define PACKAGE_TARNAME "vls"
#define PACKAGE_VERSION "0.1"
#define PACKAGE_STRING "vls 0.1"
#define PACKAGE_BUGREPORT "372884399@qq.com"
#define PACKAGE_URL ""
#define PACKAGE "vls"
#define VERSION "0.1"
#define STDC_HEADERS 1
#define HAVE_SYS_TYPES_H 1
#define HAVE_SYS_STAT_H 1
#define HAVE_STDLIB_H 1
#define HAVE_STRING_H 1
#define HAVE_MEMORY_H 1
#define HAVE_STRINGS_H 1
#define HAVE_INTTYPES_H 1
#define HAVE_STDINT_H 1
#define HAVE_UNISTD_H 1
#define HAVE_LIMITS_H 1
#define HAVE_STDINT_H 1
#define HAVE_STDLIB_H 1
#define HAVE_STRING_H 1
#define HAVE__BOOL 1
#define HAVE_ATEXIT 1
#define HAVE_STRRCHR 1

configure: exit 0
